Command line:
   decoder_tb_isim_beh.exe
     -simmode  gui
     -simrunnum  0
     -socket  50417

Mon Jan 23 16:00:38 2017


 Elaboration Time: 0.09375 sec

 Current Memory Usage: 842.437 Meg

 Total Signals          : 33
 Total Nets             : 25
 Total Signal Drivers   : 17
 Total Blocks           : 3
 Total Primitive Blocks : 2
 Total Processes        : 19
 Total Traceable Variables  : 22
 Total Scalar Nets and Variables : 109
Total Line Count : 64

 Total Simulation Time: 0.265625 sec

 Current Memory Usage: 685.15 Meg

Mon Jan 23 16:03:21 2017

