--------------------------------------------------------------------------------
Release 14.7 Trace  (nt64)
Copyright (c) 1995-2013 Xilinx, Inc.  All rights reserved.

C:\Xilinx\14.7\ISE_DS\ISE\bin\nt64\unwrapped\trce.exe -intstyle ise -v 3 -s 5
-n 3 -fastpaths -xml sprinkler_circuit.twx sprinkler_circuit.ncd -o
sprinkler_circuit.twr sprinkler_circuit.pcf -ucf sprinkler_valve_controller.ucf

Design file:              sprinkler_circuit.ncd
Physical constraint file: sprinkler_circuit.pcf
Device,package,speed:     xc3s100e,cp132,-5 (PRODUCTION 1.27 2013-10-13)
Report level:             verbose report

Environment Variable      Effect 
--------------------      ------ 
NONE                      No environment variables were set
--------------------------------------------------------------------------------

INFO:Timing:2698 - No timing constraints found, doing default enumeration.
INFO:Timing:3412 - To improve timing, see the Timing Closure User Guide (UG612).
INFO:Timing:2752 - To get complete path coverage, use the unconstrained paths 
   option. All paths that are not constrained will be reported in the 
   unconstrained paths section(s) of the report.
INFO:Timing:3339 - The clock-to-out numbers in this timing report are based on 
   a 50 Ohm transmission line loading model.  For the details of this model, 
   and for more information on accounting for different loading conditions, 
   please see the device datasheet.
INFO:Timing:3390 - This architecture does not support a default System Jitter 
   value, please add SYSTEM_JITTER constraint to the UCF to modify the Clock 
   Uncertainty calculation.
INFO:Timing:3389 - This architecture does not support 'Discrete Jitter' and 
   'Phase Error' calculations, these terms will be zero in the Clock 
   Uncertainty calculation.  Please make appropriate modification to 
   SYSTEM_JITTER to account for the unsupported Discrete Jitter and Phase 
   Error.



Data Sheet report:
-----------------
All values displayed in nanoseconds (ns)

Pad to Pad
---------------+---------------+---------+
Source Pad     |Destination Pad|  Delay  |
---------------+---------------+---------+
A              |d0             |    6.750|
A              |d1             |    7.794|
A              |d2             |    7.126|
A              |d3             |    7.730|
A              |d4             |    7.722|
A              |d5             |    6.412|
A              |d6             |    7.110|
A              |d7             |    7.081|
B              |d0             |    6.609|
B              |d1             |    7.010|
B              |d2             |    7.034|
B              |d3             |    6.908|
B              |d4             |    6.871|
B              |d5             |    6.270|
B              |d6             |    6.299|
B              |d7             |    6.911|
C              |d0             |    6.742|
C              |d1             |    6.621|
C              |d2             |    6.756|
C              |d3             |    6.376|
C              |d4             |    6.317|
C              |d5             |    6.019|
C              |d6             |    5.904|
C              |d7             |    7.022|
E              |d0             |    6.508|
E              |d1             |    6.552|
E              |d2             |    6.797|
E              |d3             |    6.355|
E              |d4             |    6.352|
E              |d5             |    6.027|
E              |d6             |    5.891|
E              |d7             |    6.844|
---------------+---------------+---------+


Analysis completed Mon Jan 30 15:33:10 2017 
--------------------------------------------------------------------------------

Trace Settings:
-------------------------
Trace Settings 

Peak Memory Usage: 158 MB



