Command line:
   flight_attendant_call_system_bm_tb_isim_beh.exe
     -simmode  gui
     -simrunnum  0
     -socket  50929

Mon Feb 06 16:52:57 2017


 Elaboration Time: 0.09375 sec

 Current Memory Usage: 846.148 Meg

 Total Signals          : 17
 Total Nets             : 17
 Total Signal Drivers   : 8
 Total Blocks           : 3
 Total Primitive Blocks : 2
 Total Processes        : 14
 Total Traceable Variables  : 23
 Total Scalar Nets and Variables : 102
Total Line Count : 58

 Total Simulation Time: 0.09375 sec

 Current Memory Usage: 688.861 Meg

Mon Feb 06 16:55:20 2017

