Command line:
   flight_attendant_call_system_tb_isim_beh.exe
     -simmode  gui
     -simrunnum  0
     -socket  53305

Wed Feb 22 10:39:43 2017


 Elaboration Time: 0.03125 sec

 Current Memory Usage: 842.068 Meg

 Total Signals          : 17
 Total Nets             : 17
 Total Signal Drivers   : 9
 Total Blocks           : 3
 Total Primitive Blocks : 2
 Total Processes        : 14
 Total Traceable Variables  : 23
 Total Scalar Nets and Variables : 102
Total Line Count : 31

 Total Simulation Time: 0.046875 sec

 Current Memory Usage: 1156.64 Meg

Wed Feb 22 10:40:42 2017

