Running: C:\Xilinx\14.7\ISE_DS\ISE\bin\nt64\unwrapped\fuse.exe -intstyle ise -incremental -lib unisims_ver -lib unimacro_ver -lib xilinxcorelib_ver -o C:/Users/KongK/Documents/SchoolWork/CS 120A/Lab/MiniProject/ALU_tb_isim_beh.exe -prj C:/Users/KongK/Documents/SchoolWork/CS 120A/Lab/MiniProject/ALU_tb_beh.prj work.ALU_tb work.glbl 
ISim P.20131013 (signature 0x7708f090)
Number of CPUs detected in this system: 8
Turning on mult-threading, number of parallel sub-compilation jobs: 16 
Determining compilation order of HDL files
Analyzing Verilog file "C:/Users/KongK/Documents/SchoolWork/CS 120A/Lab/MiniProject/falogic.v" into library work
Analyzing Verilog file "C:/Users/KongK/Documents/SchoolWork/CS 120A/Lab/MiniProject/carry_logic.v" into library work
Analyzing Verilog file "C:/Users/KongK/Documents/SchoolWork/CS 120A/Lab/MiniProject/twos_complement.v" into library work
Analyzing Verilog file "C:/Users/KongK/Documents/SchoolWork/CS 120A/Lab/MiniProject/sign_mask.v" into library work
Analyzing Verilog file "C:/Users/KongK/Documents/SchoolWork/CS 120A/Lab/MiniProject/bit_shift.v" into library work
Analyzing Verilog file "C:/Users/KongK/Documents/SchoolWork/CS 120A/Lab/MiniProject/bitwise_equality.v" into library work
Analyzing Verilog file "C:/Users/KongK/Documents/SchoolWork/CS 120A/Lab/MiniProject/adder.v" into library work
Analyzing Verilog file "C:/Users/KongK/Documents/SchoolWork/CS 120A/Lab/MiniProject/ALU.v" into library work
Analyzing Verilog file "C:/Users/KongK/Documents/SchoolWork/CS 120A/Lab/MiniProject/ALU_tb.v" into library work
Analyzing Verilog file "C:/Xilinx/14.7/ISE_DS/ISE//verilog/src/glbl.v" into library work
Starting static elaboration
Completed static elaboration
Compiling module carry_logic
Compiling module falogic
Compiling module adder
Compiling module twos_complement
Compiling module sign_mask
Compiling module bitwise_equality
Compiling module bit_shift
Compiling module ALU
Compiling module ALU_tb
Compiling module glbl
Time Resolution for simulation is 1ps.
Compiled 10 Verilog Units
Built simulation executable C:/Users/KongK/Documents/SchoolWork/CS 120A/Lab/MiniProject/ALU_tb_isim_beh.exe
Fuse Memory Usage: 27816 KB
Fuse CPU Usage: 1171 ms
