Command line:
   decoder_tb_isim_beh.exe
     -simmode  gui
     -simrunnum  0
     -socket  49754

Mon Jan 30 17:40:04 2017


 Elaboration Time: 0.078125 sec

 Current Memory Usage: 846.156 Meg

 Total Signals          : 33
 Total Nets             : 25
 Total Signal Drivers   : 17
 Total Blocks           : 3
 Total Primitive Blocks : 2
 Total Processes        : 19
 Total Traceable Variables  : 22
 Total Scalar Nets and Variables : 109
Total Line Count : 113

 Total Simulation Time: 0.1875 sec

 Current Memory Usage: 374.297 Meg

Mon Jan 30 20:40:47 2017

