Command line:
   carrylookahead_tb_isim_beh.exe
     -simmode  gui
     -simrunnum  0
     -socket  55897

Mon Feb 27 16:55:32 2017


 Elaboration Time: 0.09375 sec

 Current Memory Usage: 846.193 Meg

 Total Signals          : 60
 Total Nets             : 59
 Total Signal Drivers   : 34
 Total Blocks           : 9
 Total Primitive Blocks : 7
 Total Processes        : 38
 Total Traceable Variables  : 24
 Total Scalar Nets and Variables : 155
Total Line Count : 79

 Total Simulation Time: 0.09375 sec

 Current Memory Usage: 1160.77 Meg

Mon Feb 27 16:56:21 2017

