--------------------------------------------------------------------------------
Release 14.7 Trace  (nt64)
Copyright (c) 1995-2013 Xilinx, Inc.  All rights reserved.

C:\Xilinx\14.7\ISE_DS\ISE\bin\nt64\unwrapped\trce.exe -intstyle ise -v 3 -s 5
-n 3 -fastpaths -xml BCD_to_7seg_b.twx BCD_to_7seg_b.ncd -o BCD_to_7seg_b.twr
BCD_to_7seg_b.pcf -ucf BCD_to_7seg_icf.ucf

Design file:              BCD_to_7seg_b.ncd
Physical constraint file: BCD_to_7seg_b.pcf
Device,package,speed:     xc3s100e,cp132,-5 (PRODUCTION 1.27 2013-10-13)
Report level:             verbose report

Environment Variable      Effect 
--------------------      ------ 
NONE                      No environment variables were set
--------------------------------------------------------------------------------

INFO:Timing:2698 - No timing constraints found, doing default enumeration.
INFO:Timing:3412 - To improve timing, see the Timing Closure User Guide (UG612).
INFO:Timing:2752 - To get complete path coverage, use the unconstrained paths 
   option. All paths that are not constrained will be reported in the 
   unconstrained paths section(s) of the report.
INFO:Timing:3339 - The clock-to-out numbers in this timing report are based on 
   a 50 Ohm transmission line loading model.  For the details of this model, 
   and for more information on accounting for different loading conditions, 
   please see the device datasheet.
INFO:Timing:3390 - This architecture does not support a default System Jitter 
   value, please add SYSTEM_JITTER constraint to the UCF to modify the Clock 
   Uncertainty calculation.
INFO:Timing:3389 - This architecture does not support 'Discrete Jitter' and 
   'Phase Error' calculations, these terms will be zero in the Clock 
   Uncertainty calculation.  Please make appropriate modification to 
   SYSTEM_JITTER to account for the unsupported Discrete Jitter and Phase 
   Error.



Data Sheet report:
-----------------
All values displayed in nanoseconds (ns)

Pad to Pad
---------------+---------------+---------+
Source Pad     |Destination Pad|  Delay  |
---------------+---------------+---------+
sw0            |a              |    6.581|
sw0            |b              |    6.894|
sw0            |c              |    6.499|
sw0            |d              |    6.417|
sw0            |e              |    6.658|
sw0            |f              |    6.176|
sw0            |g              |    6.850|
sw1            |a              |    8.399|
sw1            |b              |    7.977|
sw1            |c              |    8.213|
sw1            |d              |    8.179|
sw1            |e              |    8.428|
sw1            |f              |    7.994|
sw1            |g              |    7.938|
sw2            |a              |    7.517|
sw2            |b              |    7.395|
sw2            |c              |    7.496|
sw2            |d              |    7.303|
sw2            |e              |    7.689|
sw2            |f              |    7.112|
sw2            |g              |    7.385|
sw3            |a              |    7.686|
sw3            |b              |    7.500|
sw3            |c              |    7.732|
sw3            |d              |    7.499|
sw3            |e              |    7.896|
sw3            |f              |    7.281|
sw3            |g              |    7.512|
---------------+---------------+---------+


Analysis completed Mon Feb 06 15:08:14 2017 
--------------------------------------------------------------------------------

Trace Settings:
-------------------------
Trace Settings 

Peak Memory Usage: 158 MB



