--------------------------------------------------------------------------------
Release 14.7 Trace  (nt64)
Copyright (c) 1995-2013 Xilinx, Inc.  All rights reserved.

C:\Xilinx\14.7\ISE_DS\ISE\bin\nt64\unwrapped\trce.exe -intstyle ise -v 3 -s 5
-n 3 -fastpaths -xml sprinkler_circuit.twx sprinkler_circuit.ncd -o
sprinkler_circuit.twr sprinkler_circuit.pcf

Design file:              sprinkler_circuit.ncd
Physical constraint file: sprinkler_circuit.pcf
Device,package,speed:     xc3s100e,cp132,-5 (PRODUCTION 1.27 2013-10-13)
Report level:             verbose report

Environment Variable      Effect 
--------------------      ------ 
NONE                      No environment variables were set
--------------------------------------------------------------------------------

INFO:Timing:2698 - No timing constraints found, doing default enumeration.
INFO:Timing:3412 - To improve timing, see the Timing Closure User Guide (UG612).
INFO:Timing:2752 - To get complete path coverage, use the unconstrained paths 
   option. All paths that are not constrained will be reported in the 
   unconstrained paths section(s) of the report.
INFO:Timing:3339 - The clock-to-out numbers in this timing report are based on 
   a 50 Ohm transmission line loading model.  For the details of this model, 
   and for more information on accounting for different loading conditions, 
   please see the device datasheet.
INFO:Timing:3390 - This architecture does not support a default System Jitter 
   value, please add SYSTEM_JITTER constraint to the UCF to modify the Clock 
   Uncertainty calculation.
INFO:Timing:3389 - This architecture does not support 'Discrete Jitter' and 
   'Phase Error' calculations, these terms will be zero in the Clock 
   Uncertainty calculation.  Please make appropriate modification to 
   SYSTEM_JITTER to account for the unsupported Discrete Jitter and Phase 
   Error.



Data Sheet report:
-----------------
All values displayed in nanoseconds (ns)

Pad to Pad
---------------+---------------+---------+
Source Pad     |Destination Pad|  Delay  |
---------------+---------------+---------+
A              |d0             |    5.764|
A              |d1             |    5.925|
A              |d2             |    5.472|
A              |d3             |    5.700|
A              |d4             |    5.730|
A              |d5             |    5.470|
A              |d6             |    5.925|
A              |d7             |    5.730|
B              |d0             |    5.943|
B              |d1             |    6.220|
B              |d2             |    6.203|
B              |d3             |    5.900|
B              |d4             |    5.880|
B              |d5             |    6.168|
B              |d6             |    6.186|
B              |d7             |    5.887|
C              |d0             |    5.912|
C              |d1             |    7.393|
C              |d2             |    6.153|
C              |d3             |    7.216|
C              |d4             |    7.190|
C              |d5             |    6.174|
C              |d6             |    7.337|
C              |d7             |    5.912|
E              |d0             |    6.000|
E              |d1             |    6.696|
E              |d2             |    6.540|
E              |d3             |    6.338|
E              |d4             |    6.345|
E              |d5             |    6.511|
E              |d6             |    6.691|
E              |d7             |    5.995|
---------------+---------------+---------+


Analysis completed Mon Jan 23 16:40:52 2017 
--------------------------------------------------------------------------------

Trace Settings:
-------------------------
Trace Settings 

Peak Memory Usage: 154 MB



