Command line:
   full_adder_full_adder_sch_tb_isim_beh.exe
     -simmode  gui
     -simrunnum  0
     -socket  51113

Sun Feb 19 11:07:12 2017


 Elaboration Time: 0.03125 sec

 Current Memory Usage: 846.135 Meg

 Total Signals          : 39
 Total Nets             : 21
 Total Signal Drivers   : 13
 Total Blocks           : 8
 Total Primitive Blocks : 6
 Total Processes        : 15
 Total Traceable Variables  : 21
 Total Scalar Nets and Variables : 104
Total Line Count : 55

 Total Simulation Time: 0.03125 sec

 Current Memory Usage: 1160.71 Meg

Sun Feb 19 11:07:47 2017

