Command line:
   flight_attendant_call_system_bm_isim_beh.exe
     -simmode  gui
     -simrunnum  0
     -socket  53837

Wed Feb 22 15:08:09 2017


 Elaboration Time: 0.03125 sec

 Current Memory Usage: 841.605 Meg

 Total Signals          : 16
 Total Nets             : 17
 Total Signal Drivers   : 6
 Total Blocks           : 2
 Total Primitive Blocks : 2
 Total Processes        : 10
 Total Traceable Variables  : 20
 Total Scalar Nets and Variables : 99
Total Line Count : 26

 Total Simulation Time: 0.0625 sec

 Current Memory Usage: 684.319 Meg

Wed Feb 22 15:11:39 2017

