Running: C:\Xilinx\14.7\ISE_DS\ISE\bin\nt64\unwrapped\fuse.exe -intstyle ise -incremental -lib unisims_ver -lib unimacro_ver -lib xilinxcorelib_ver -o C:/Users/KongK/Documents/GitHub/CS120ALabs/Lab5/datapath_components_adders_partb/carrylookahead_tb_isim_beh.exe -prj C:/Users/KongK/Documents/GitHub/CS120ALabs/Lab5/datapath_components_adders_partb/carrylookahead_tb_beh.prj work.carrylookahead_tb work.glbl 
ISim P.20131013 (signature 0x7708f090)
Number of CPUs detected in this system: 8
Turning on mult-threading, number of parallel sub-compilation jobs: 16 
Determining compilation order of HDL files
Analyzing Verilog file "C:/Users/KongK/Documents/GitHub/CS120ALabs/Lab5/datapath_components_adders_partb/register_logic.v" into library work
Analyzing Verilog file "C:/Users/KongK/Documents/GitHub/CS120ALabs/Lab5/datapath_components_adders_partb/falogic.v" into library work
Analyzing Verilog file "C:/Users/KongK/Documents/GitHub/CS120ALabs/Lab5/datapath_components_adders_partb/carrylogic.v" into library work
Analyzing Verilog file "C:/Users/KongK/Documents/GitHub/CS120ALabs/Lab5/datapath_components_adders_partb/carrylookahead_st.v" into library work
Analyzing Verilog file "C:/Users/KongK/Documents/GitHub/CS120ALabs/Lab5/datapath_components_adders_partb/carrylookahead_tb.v" into library work
Analyzing Verilog file "C:/Xilinx/14.7/ISE_DS/ISE//verilog/src/glbl.v" into library work
Starting static elaboration
Completed static elaboration
Compiling module carrylogic
Compiling module falogic
Compiling module register_logic
Compiling module carrylookahead_st
Compiling module carrylookahead_tb
Compiling module glbl
Time Resolution for simulation is 1ps.
Compiled 6 Verilog Units
Built simulation executable C:/Users/KongK/Documents/GitHub/CS120ALabs/Lab5/datapath_components_adders_partb/carrylookahead_tb_isim_beh.exe
Fuse Memory Usage: 27368 KB
Fuse CPU Usage: 859 ms
